<?xml version="1.0" encoding="UTF-8"?>
<coverage generated="1637809926748" clover="3.2.0">
  <project timestamp="1637809926749" name="All files">
    <metrics statements="15" coveredstatements="9" conditionals="10" coveredconditionals="6" methods="3" coveredmethods="2" elements="28" coveredelements="17" complexity="0" loc="15" ncloc="15" packages="1" files="1" classes="1"/>
    <file name="util.js" path="C:\Users\kmilo\Documents\CTD\Bimestre_III\Testing I\programa-listas en javascript\util.js">
      <metrics statements="15" coveredstatements="9" conditionals="10" coveredconditionals="6" methods="3" coveredmethods="2"/>
      <line num="1" count="1" type="stmt"/>
      <line num="3" count="4" type="stmt"/>
      <line num="6" count="1" type="stmt"/>
      <line num="8" count="0" type="stmt"/>
      <line num="9" count="0" type="stmt"/>
      <line num="10" count="0" type="stmt"/>
      <line num="11" count="0" type="stmt"/>
      <line num="14" count="1" type="stmt"/>
      <line num="17" count="7" type="cond" truecount="2" falsecount="0"/>
      <line num="18" count="5" type="stmt"/>
      <line num="20" count="2" type="cond" truecount="2" falsecount="2"/>
      <line num="21" count="0" type="stmt"/>
      <line num="23" count="2" type="cond" truecount="2" falsecount="2"/>
      <line num="24" count="0" type="stmt"/>
      <line num="26" count="2" type="stmt"/>
    </file>
  </project>
</coverage>
